0 info it worked if it ends with ok
1 verbose cli [ '/Users/inje/.nvm/versions/node/v6.11.0/bin/node',
1 verbose cli   '/Users/inje/.nvm/versions/node/v6.11.0/bin/npm',
1 verbose cli   'run',
1 verbose cli   'test' ]
2 info using npm@3.10.10
3 info using node@v6.11.0
4 verbose run-script [ 'pretest', 'test', 'posttest' ]
5 info lifecycle ethvision@1.0.0~pretest: ethvision@1.0.0
6 silly lifecycle ethvision@1.0.0~pretest: no script for pretest, continuing
7 info lifecycle ethvision@1.0.0~test: ethvision@1.0.0
8 verbose lifecycle ethvision@1.0.0~test: unsafe-perm in lifecycle true
9 verbose lifecycle ethvision@1.0.0~test: PATH: /Users/inje/.nvm/versions/node/v6.11.0/lib/node_modules/npm/bin/node-gyp-bin:/Users/inje/Documents/repos/ethVision/node_modules/.bin:/Users/inje/.nvm/versions/node/v6.11.0/bin:/bin:/sbin:/usr/bin:/usr/local/sbin:/usr/local/bin:/usr/local/bin:/usr/bin:/bin:/usr/sbin:/sbin
10 verbose lifecycle ethvision@1.0.0~test: CWD: /Users/inje/Documents/repos/ethVision
11 silly lifecycle ethvision@1.0.0~test: Args: [ '-c', 'test' ]
12 silly lifecycle ethvision@1.0.0~test: Returned: code: 1  signal: null
13 info lifecycle ethvision@1.0.0~test: Failed to exec test script
14 verbose stack Error: ethvision@1.0.0 test: `test`
14 verbose stack Exit status 1
14 verbose stack     at EventEmitter.<anonymous> (/Users/inje/.nvm/versions/node/v6.11.0/lib/node_modules/npm/lib/utils/lifecycle.js:255:16)
14 verbose stack     at emitTwo (events.js:106:13)
14 verbose stack     at EventEmitter.emit (events.js:191:7)
14 verbose stack     at ChildProcess.<anonymous> (/Users/inje/.nvm/versions/node/v6.11.0/lib/node_modules/npm/lib/utils/spawn.js:40:14)
14 verbose stack     at emitTwo (events.js:106:13)
14 verbose stack     at ChildProcess.emit (events.js:191:7)
14 verbose stack     at maybeClose (internal/child_process.js:891:16)
14 verbose stack     at Process.ChildProcess._handle.onexit (internal/child_process.js:226:5)
15 verbose pkgid ethvision@1.0.0
16 verbose cwd /Users/inje/Documents/repos/ethVision
17 error Darwin 16.6.0
18 error argv "/Users/inje/.nvm/versions/node/v6.11.0/bin/node" "/Users/inje/.nvm/versions/node/v6.11.0/bin/npm" "run" "test"
19 error node v6.11.0
20 error npm  v3.10.10
21 error code ELIFECYCLE
22 error ethvision@1.0.0 test: `test`
22 error Exit status 1
23 error Failed at the ethvision@1.0.0 test script 'test'.
23 error Make sure you have the latest version of node.js and npm installed.
23 error If you do, this is most likely a problem with the ethvision package,
23 error not with npm itself.
23 error Tell the author that this fails on your system:
23 error     test
23 error You can get information on how to open an issue for this project with:
23 error     npm bugs ethvision
23 error Or if that isn't available, you can get their info via:
23 error     npm owner ls ethvision
23 error There is likely additional logging output above.
24 verbose exit [ 1, true ]
